<?xml version="1.0" encoding="UTF-8"?>
<!-- Generated by org.testng.reporters.JUnitReportReporter -->
<testsuite hostname="rahul-TravelMate-P214-52" failures="0" tests="1" name="com.testVagrant.Test.TestTemperatureComparison" time="0.000" errors="0" timestamp="29 Jun 2021 08:27:51 GMT" skipped="1">
  <testcase classname="com.testVagrant.Test.TestTemperatureComparison" name="verifyWeatherComparison" time="0.000">
    <skipped/>
  </testcase> <!-- verifyWeatherComparison -->
</testsuite> <!-- com.testVagrant.Test.TestTemperatureComparison -->
