<?xml version="1.0" encoding="UTF-8"?>
<!-- Generated by org.testng.reporters.JUnitReportReporter -->
<testsuite hostname="rahul-TravelMate-P214-52" failures="0" tests="1" name="com.testVagrant.Test.APISuccessTest" time="1.675" errors="0" timestamp="29 Jun 2021 17:35:57 GMT" skipped="0">
  <testcase classname="com.testVagrant.Test.APISuccessTest" name="verifyAPIStatus" time="1.675"/>
</testsuite> <!-- com.testVagrant.Test.APISuccessTest -->
