<?xml version="1.0" encoding="UTF-8"?>
<!-- Generated by org.testng.reporters.JUnitReportReporter -->
<testsuite hostname="rahul-TravelMate-P214-52" failures="0" tests="2" name="com.testVagrant.Test.TestTemperatureComparison" time="76.714" errors="0" timestamp="29 Jun 2021 17:35:57 GMT" skipped="0">
  <testcase classname="com.testVagrant.Test.TestTemperatureComparison" name="verifyWeatherComparisonWithVariance" time="66.383"/>
  <testcase classname="com.testVagrant.Test.TestTemperatureComparison" name="verifyWeatherComparison" time="10.331"/>
</testsuite> <!-- com.testVagrant.Test.TestTemperatureComparison -->
