<?xml version="1.0" encoding="UTF-8"?>
<!-- Generated by org.testng.reporters.JUnitReportReporter -->
<testsuite hostname="rahul-TravelMate-P214-52" failures="0" tests="1" name="com.testVagrant.Test.VerifyWeatherPageNavigation" time="7.375" errors="0" timestamp="28 Jun 2021 17:01:20 GMT" skipped="0">
  <testcase classname="com.testVagrant.Test.VerifyWeatherPageNavigation" name="verifyWeatherPage" time="7.375"/>
</testsuite> <!-- com.testVagrant.Test.VerifyWeatherPageNavigation -->
