<?xml version="1.0" encoding="UTF-8"?>
<!-- Generated by org.testng.reporters.JUnitReportReporter -->
<testsuite hostname="rahul-TravelMate-P214-52" failures="0" tests="1" name="com.testVagrant.Test.VerifyNDTVHomePage" time="0.012" errors="0" timestamp="28 Jun 2021 17:01:20 GMT" skipped="0">
  <testcase classname="com.testVagrant.Test.VerifyNDTVHomePage" name="checkNDTVHomePage" time="0.012"/>
</testsuite> <!-- com.testVagrant.Test.VerifyNDTVHomePage -->
